<?xml version="1.0" encoding="UTF-8"?>
<testsuite name="RunnerPackage.RunnerClass" time="0.061" tests="21" errors="0" skipped="0" failures="0">
  <properties>
[...]
</properties>
  <testcase name="Given Launch the Web Applications." classname="Scenario: Validate the Adactin page with the valid credentials" time="0.061"/>
  <testcase name="When Enter the username &quot;SubhaNataraj&quot; and password &quot;Su38a9943&quot;" classname="Scenario: Validate the Adactin page with the valid credentials" time="0"/>
  <testcase name="And Click the login button" classname="Scenario: Validate the Adactin page with the valid credentials" time="0"/>
  <testcase name="Then Get the next page title" classname="Scenario: Validate the Adactin page with the valid credentials" time="0"/>
  <testcase name="Scenario: Validate the Adactin page with the valid credentials" classname="Scenario: Validate the Adactin page with the valid credentials" time="0"/>
  <testcase name="Given Launch second page Application." classname="Scenario: checking the room availability for the particular date" time="0"/>
  <testcase name="When select the location hotel roomtype numberofrooms" classname="Scenario: checking the room availability for the particular date" time="0"/>
  <testcase name="When enter the checkindate &quot;23/04/2021&quot; and  checkoutdate &quot;24/04/2021&quot;" classname="Scenario: checking the room availability for the particular date" time="0"/>
  <testcase name="And selecting the numberofpersons" classname="Scenario: checking the room availability for the particular date" time="0"/>
  <testcase name="Then click the search button" classname="Scenario: checking the room availability for the particular date" time="0"/>
  <testcase name="Scenario: checking the room availability for the particular date" classname="Scenario: checking the room availability for the particular date" time="0"/>
  <testcase name="Given Launch the web application" classname="Scenario: checking the price" time="0"/>
  <testcase name="When click the select button" classname="Scenario: checking the price" time="0"/>
  <testcase name="Then click the continue button" classname="Scenario: checking the price" time="0"/>
  <testcase name="Scenario: checking the price" classname="Scenario: checking the price" time="0"/>
  <testcase name="Given Launch the payment page" classname="Scenario: Making a Payment" time="0"/>
  <testcase name="When Enter the firstname as &quot;subha&quot; lastname as &quot;nataraj&quot; address as &quot;chennai&quot; creditcardno as &quot;1234 5678 9101 1213&quot;" classname="Scenario: Making a Payment" time="0"/>
  <testcase name="When Enter the credit card  type" classname="Scenario: Making a Payment" time="0"/>
  <testcase name="And Enter the CVV number as &quot;888&quot;" classname="Scenario: Making a Payment" time="0"/>
  <testcase name="Then click booknow button" classname="Scenario: Making a Payment" time="0"/>
  <testcase name="Scenario: Making a Payment" classname="Scenario: Making a Payment" time="0"/>
</testsuite>